<?xml version="1.0" encoding="UTF-8"?>
<!-- Generated by org.testng.reporters.JUnitReportReporter -->
<testsuite skipped="0" hostname="PGFY819" name="com.tsrtc.registration.testscripts.RegistrationTest" tests="2" failures="0" timestamp="31 Jul 2018 09:10:31 GMT" time="4.740" errors="0">
  <testcase name="registrationTest" time="2.412" classname="com.tsrtc.registration.testscripts.RegistrationTest"/>
  <testcase name="registrationTest" time="2.328" classname="com.tsrtc.registration.testscripts.RegistrationTest"/>
</testsuite> <!-- com.tsrtc.registration.testscripts.RegistrationTest -->
